<?xml version="1.0" encoding="UTF-8"?>
<testng-results ignored="0" total="1" passed="1" failed="0" skipped="0">
  <reporter-output>
  </reporter-output>
  <suite started-at="2023-03-22T19:20:24 IST" name="Suite" finished-at="2023-03-22T19:20:50 IST" duration-ms="25275">
    <groups>
    </groups>
    <test started-at="2023-03-22T19:20:24 IST" name="Test" finished-at="2023-03-22T19:20:50 IST" duration-ms="25275">
      <class name="packagemavtest.Fbloginmavtest">
        <test-method is-config="true" signature="setup()[pri:0, instance:packagemavtest.Fbloginmavtest@4f80542f]" started-at="2023-03-22T19:20:25 IST" name="setup" finished-at="2023-03-22T19:20:40 IST" duration-ms="15658" status="PASS">
          <reporter-output>
          </reporter-output>
        </test-method> <!-- setup -->
        <test-method signature="testlogin()[pri:0, instance:packagemavtest.Fbloginmavtest@4f80542f]" started-at="2023-03-22T19:20:40 IST" name="testlogin" finished-at="2023-03-22T19:20:50 IST" duration-ms="9469" status="PASS">
          <reporter-output>
          </reporter-output>
        </test-method> <!-- testlogin -->
      </class> <!-- packagemavtest.Fbloginmavtest -->
    </test> <!-- Test -->
  </suite> <!-- Suite -->
</testng-results>
